<?xml version="1.0" encoding="UTF-8"?>
<!-- Generated by org.testng.reporters.JUnitXMLReporter -->
<testsuite hostname="LAPTOP-AGHJRJVA" ignored="0" name="Default test" tests="1" failures="1" timestamp="2020-06-30T01:24:25 IST" time="14.933" errors="0">
  <testcase name="runScenario" time="14.387" classname="cucumber.api.testng.AbstractTestNGCucumberTests">
    <failure type="org.openqa.selenium.ElementClickInterceptedException" message="element click intercepted: Element &amp;lt;a style=&amp;quot;color: #000;&amp;quot; title=&amp;quot;Jeans&amp;quot; class=&amp;quot;&amp;quot; href=&amp;quot;https://www.shein.in/Jeans-c-1934.html?icn=jeans&amp;amp;amp;ici=in_tab01navbar02menu11dir01&amp;amp;amp;srctype=category&amp;amp;amp;userpath=category&amp;gt;WOMEN&amp;gt;CLOTHING&amp;gt;Denim&amp;gt;Jeans&amp;amp;amp;scici=navbar_2~~tab01navbar02menu11dir01~~2_11_1~~real_1934~~SPcCccWomenCategory_default~~0~~0&amp;quot; da-event-click=&amp;quot;2-2-1&amp;quot; data-scici=&amp;quot;navbar_2~~tab01navbar02menu11dir01~~2_11_1~~real_1934~~SPcCccWomenCategory_default~~0~~0&amp;quot; data-node-id=&amp;quot;640600054&amp;quot;&amp;gt;...&amp;lt;/a&amp;gt; is not clickable at point (15, 7). Other element would receive the click: &amp;lt;div class=&amp;quot;config-wrap j-topbanner-fixer&amp;quot; style=&amp;quot;background: url(&amp;amp;quot;//img.ltwebstatic.com/images3_acp/2020/06/25/15930711117f7cfdf0aaa3acab72192ca364854a0f.gif&amp;amp;quot;) center 0px / 1920px 48px transparent; transform: translateY(0px);&amp;quot;&amp;gt;...&amp;lt;/div&amp;gt;
  (Session info: chrome=83.0.4103.116)
Build info: version: &amp;apos;3.141.59&amp;apos;, revision: &amp;apos;e82be7d358&amp;apos;, time: &amp;apos;2018-11-14T08:17:03&amp;apos;
System info: host: &amp;apos;LAPTOP-AGHJRJVA&amp;apos;, ip: &amp;apos;192.168.137.1&amp;apos;, os.name: &amp;apos;Windows 10&amp;apos;, os.arch: &amp;apos;amd64&amp;apos;, os.version: &amp;apos;10.0&amp;apos;, java.version: &amp;apos;1.8.0_171&amp;apos;
Driver info: org.openqa.selenium.chrome.ChromeDriver
Capabilities {acceptInsecureCerts: false, browserName: chrome, browserVersion: 83.0.4103.116, chrome: {chromedriverVersion: 83.0.4103.39 (ccbf011cb2d2b..., userDataDir: C:\Users\hp\AppData\Local\T...}, goog:chromeOptions: {debuggerAddress: localhost:60847}, javascriptEnabled: true, networkConnectionEnabled: false, pageLoadStrategy: normal, platform: WINDOWS, platformName: WINDOWS, proxy: Proxy(), setWindowRect: true, strictFileInteractability: false, timeouts: {implicit: 0, pageLoad: 300000, script: 30000}, unhandledPromptBehavior: dismiss and notify, webauthn:virtualAuthenticators: true}
Session ID: 7db458f322cfc46e79a9db0161225d2e">
      <![CDATA[org.openqa.selenium.ElementClickInterceptedException: element click intercepted: Element <a style="color: #000;" title="Jeans" class="" href="https://www.shein.in/Jeans-c-1934.html?icn=jeans&amp;ici=in_tab01navbar02menu11dir01&amp;srctype=category&amp;userpath=category>WOMEN>CLOTHING>Denim>Jeans&amp;scici=navbar_2~~tab01navbar02menu11dir01~~2_11_1~~real_1934~~SPcCccWomenCategory_default~~0~~0" da-event-click="2-2-1" data-scici="navbar_2~~tab01navbar02menu11dir01~~2_11_1~~real_1934~~SPcCccWomenCategory_default~~0~~0" data-node-id="640600054">...</a> is not clickable at point (15, 7). Other element would receive the click: <div class="config-wrap j-topbanner-fixer" style="background: url(&quot;//img.ltwebstatic.com/images3_acp/2020/06/25/15930711117f7cfdf0aaa3acab72192ca364854a0f.gif&quot;) center 0px / 1920px 48px transparent; transform: translateY(0px);">...</div>
  (Session info: chrome=83.0.4103.116)
Build info: version: '3.141.59', revision: 'e82be7d358', time: '2018-11-14T08:17:03'
System info: host: 'LAPTOP-AGHJRJVA', ip: '192.168.137.1', os.name: 'Windows 10', os.arch: 'amd64', os.version: '10.0', java.version: '1.8.0_171'
Driver info: org.openqa.selenium.chrome.ChromeDriver
Capabilities {acceptInsecureCerts: false, browserName: chrome, browserVersion: 83.0.4103.116, chrome: {chromedriverVersion: 83.0.4103.39 (ccbf011cb2d2b..., userDataDir: C:\Users\hp\AppData\Local\T...}, goog:chromeOptions: {debuggerAddress: localhost:60847}, javascriptEnabled: true, networkConnectionEnabled: false, pageLoadStrategy: normal, platform: WINDOWS, platformName: WINDOWS, proxy: Proxy(), setWindowRect: true, strictFileInteractability: false, timeouts: {implicit: 0, pageLoad: 300000, script: 30000}, unhandledPromptBehavior: dismiss and notify, webauthn:virtualAuthenticators: true}
Session ID: 7db458f322cfc46e79a9db0161225d2e
at sun.reflect.NativeConstructorAccessorImpl.newInstance0(Native Method)
at sun.reflect.NativeConstructorAccessorImpl.newInstance(NativeConstructorAccessorImpl.java:62)
at sun.reflect.DelegatingConstructorAccessorImpl.newInstance(DelegatingConstructorAccessorImpl.java:45)
at java.lang.reflect.Constructor.newInstance(Constructor.java:423)
at org.openqa.selenium.remote.http.W3CHttpResponseCodec.createException(W3CHttpResponseCodec.java:187)
at org.openqa.selenium.remote.http.W3CHttpResponseCodec.decode(W3CHttpResponseCodec.java:122)
at org.openqa.selenium.remote.http.W3CHttpResponseCodec.decode(W3CHttpResponseCodec.java:49)
at org.openqa.selenium.remote.HttpCommandExecutor.execute(HttpCommandExecutor.java:158)
at org.openqa.selenium.remote.service.DriverCommandExecutor.execute(DriverCommandExecutor.java:83)
at org.openqa.selenium.remote.RemoteWebDriver.execute(RemoteWebDriver.java:552)
at org.openqa.selenium.remote.RemoteWebElement.execute(RemoteWebElement.java:285)
at org.openqa.selenium.remote.RemoteWebElement.click(RemoteWebElement.java:84)
at testCases.Shein.mouseover_on_Clothing_and_click_Jeans(Shein.java:22)
at âœ½.Mouseover on Clothing and click Jeans(file:src/main/java/feature/Shien.feature:6)
]]>
    </failure>
  </testcase> <!-- runScenario -->
</testsuite> <!-- Default test -->
