<html>
<head>
<title>TestNG:  Default test</title>
<link href="../testng.css" rel="stylesheet" type="text/css" />
<link href="../my-testng.css" rel="stylesheet" type="text/css" />

<style type="text/css">
.log { display: none;} 
.stack-trace { display: none;} 
</style>
<script type="text/javascript">
<!--
function flip(e) {
  current = e.style.display;
  if (current == 'block') {
    e.style.display = 'none';
    return 0;
  }
  else {
    e.style.display = 'block';
    return 1;
  }
}

function toggleBox(szDivId, elem, msg1, msg2)
{
  var res = -1;  if (document.getElementById) {
    res = flip(document.getElementById(szDivId));
  }
  else if (document.all) {
    // this is the way old msie versions work
    res = flip(document.all[szDivId]);
  }
  if(elem) {
    if(res == 0) elem.innerHTML = msg1; else elem.innerHTML = msg2;
  }

}

function toggleAllBoxes() {
  if (document.getElementsByTagName) {
    d = document.getElementsByTagName('div');
    for (i = 0; i < d.length; i++) {
      if (d[i].className == 'log') {
        flip(d[i]);
      }
    }
  }
}

// -->
</script>

</head>
<body>
<h2 align='center'>Default test</h2><table border='1' align="center">
<tr>
<td>Tests passed/Failed/Skipped:</td><td>0/1/0</td>
</tr><tr>
<td>Started on:</td><td>Tue Jun 30 01:24:10 IST 2020</td>
</tr>
<tr><td>Total time:</td><td>14 seconds (14933 ms)</td>
</tr><tr>
<td>Included groups:</td><td></td>
</tr><tr>
<td>Excluded groups:</td><td></td>
</tr>
</table><p/>
<small><i>(Hover the method name to see the test class name)</i></small><p/>
<table width='100%' border='1' class='invocation-failed'>
<tr><td colspan='4' align='center'><b>FAILED TESTS</b></td></tr>
<tr><td><b>Test method</b></td>
<td width="30%"><b>Exception</b></td>
<td width="10%"><b>Time (seconds)</b></td>
<td><b>Instance</b></td>
</tr>
<tr>
<td title='testCases.Shein.runScenario()'><b>runScenario</b><br>Test class: testCases.Shein<br>Test method: Runs Cucumber Scenarios<br>Parameters: "TC_001", "Shein"</td>
<td><div><pre>org.openqa.selenium.ElementClickInterceptedException: element click intercepted: Element &lt;a style=&quot;color: #000;&quot; title=&quot;Jeans&quot; class=&quot;&quot; href=&quot;https://www.shein.in/Jeans-c-1934.html?icn=jeans&amp;amp;ici=in_tab01navbar02menu11dir01&amp;amp;srctype=category&amp;amp;userpath=category&gt;WOMEN&gt;CLOTHING&gt;Denim&gt;Jeans&amp;amp;scici=navbar_2~~tab01navbar02menu11dir01~~2_11_1~~real_1934~~SPcCccWomenCategory_default~~0~~0&quot; da-event-click=&quot;2-2-1&quot; data-scici=&quot;navbar_2~~tab01navbar02menu11dir01~~2_11_1~~real_1934~~SPcCccWomenCategory_default~~0~~0&quot; data-node-id=&quot;640600054&quot;&gt;...&lt;/a&gt; is not clickable at point (15, 7). Other element would receive the click: &lt;div class=&quot;config-wrap j-topbanner-fixer&quot; style=&quot;background: url(&amp;quot;//img.ltwebstatic.com/images3_acp/2020/06/25/15930711117f7cfdf0aaa3acab72192ca364854a0f.gif&amp;quot;) center 0px / 1920px 48px transparent; transform: translateY(0px);&quot;&gt;...&lt;/div&gt;
  (Session info: chrome=83.0.4103.116)
Build info: version: &apos;3.141.59&apos;, revision: &apos;e82be7d358&apos;, time: &apos;2018-11-14T08:17:03&apos;
System info: host: &apos;LAPTOP-AGHJRJVA&apos;, ip: &apos;192.168.137.1&apos;, os.name: &apos;Windows 10&apos;, os.arch: &apos;amd64&apos;, os.version: &apos;10.0&apos;, java.version: &apos;1.8.0_171&apos;
Driver info: org.openqa.selenium.chrome.ChromeDriver
Capabilities {acceptInsecureCerts: false, browserName: chrome, browserVersion: 83.0.4103.116, chrome: {chromedriverVersion: 83.0.4103.39 (ccbf011cb2d2b..., userDataDir: C:\Users\hp\AppData\Local\T...}, goog:chromeOptions: {debuggerAddress: localhost:60847}, javascriptEnabled: true, networkConnectionEnabled: false, pageLoadStrategy: normal, platform: WINDOWS, platformName: WINDOWS, proxy: Proxy(), setWindowRect: true, strictFileInteractability: false, timeouts: {implicit: 0, pageLoad: 300000, script: 30000}, unhandledPromptBehavior: dismiss and notify, webauthn:virtualAuthenticators: true}
Session ID: 7db458f322cfc46e79a9db0161225d2e
	at sun.reflect.NativeConstructorAccessorImpl.newInstance0(Native Method)
	at sun.reflect.NativeConstructorAccessorImpl.newInstance(NativeConstructorAccessorImpl.java:62)
	at sun.reflect.DelegatingConstructorAccessorImpl.newInstance(DelegatingConstructorAccessorImpl.java:45)
	at java.lang.reflect.Constructor.newInstance(Constructor.java:423)
	at org.openqa.selenium.remote.http.W3CHttpResponseCodec.createException(W3CHttpResponseCodec.java:187)
	at org.openqa.selenium.remote.http.W3CHttpResponseCodec.decode(W3CHttpResponseCodec.java:122)
	at org.openqa.selenium.remote.http.W3CHttpResponseCodec.decode(W3CHttpResponseCodec.java:49)
	at org.openqa.selenium.remote.HttpCommandExecutor.execute(HttpCommandExecutor.java:158)
	at org.openqa.selenium.remote.service.DriverCommandExecutor.execute(DriverCommandExecutor.java:83)
	at org.openqa.selenium.remote.RemoteWebDriver.execute(RemoteWebDriver.java:552)
	at org.openqa.selenium.remote.RemoteWebElement.execute(RemoteWebElement.java:285)
	at org.openqa.selenium.remote.RemoteWebElement.click(RemoteWebElement.java:84)
	at testCases.Shein.mouseover_on_Clothing_and_click_Jeans(Shein.java:22)
	at ?.Mouseover on Clothing and click Jeans(file:src/main/java/feature/Shien.feature:6)
</pre></div><a href='#' onClick='toggleBox("stack-trace1422273905", this, "Click to show all stack frames", "Click to hide stack frames")'>Click to show all stack frames</a>
<div class='stack-trace' id='stack-trace1422273905'><pre>org.openqa.selenium.ElementClickInterceptedException: element click intercepted: Element &lt;a style=&quot;color: #000;&quot; title=&quot;Jeans&quot; class=&quot;&quot; href=&quot;https://www.shein.in/Jeans-c-1934.html?icn=jeans&amp;amp;ici=in_tab01navbar02menu11dir01&amp;amp;srctype=category&amp;amp;userpath=category&gt;WOMEN&gt;CLOTHING&gt;Denim&gt;Jeans&amp;amp;scici=navbar_2~~tab01navbar02menu11dir01~~2_11_1~~real_1934~~SPcCccWomenCategory_default~~0~~0&quot; da-event-click=&quot;2-2-1&quot; data-scici=&quot;navbar_2~~tab01navbar02menu11dir01~~2_11_1~~real_1934~~SPcCccWomenCategory_default~~0~~0&quot; data-node-id=&quot;640600054&quot;&gt;...&lt;/a&gt; is not clickable at point (15, 7). Other element would receive the click: &lt;div class=&quot;config-wrap j-topbanner-fixer&quot; style=&quot;background: url(&amp;quot;//img.ltwebstatic.com/images3_acp/2020/06/25/15930711117f7cfdf0aaa3acab72192ca364854a0f.gif&amp;quot;) center 0px / 1920px 48px transparent; transform: translateY(0px);&quot;&gt;...&lt;/div&gt;
  (Session info: chrome=83.0.4103.116)
Build info: version: &apos;3.141.59&apos;, revision: &apos;e82be7d358&apos;, time: &apos;2018-11-14T08:17:03&apos;
System info: host: &apos;LAPTOP-AGHJRJVA&apos;, ip: &apos;192.168.137.1&apos;, os.name: &apos;Windows 10&apos;, os.arch: &apos;amd64&apos;, os.version: &apos;10.0&apos;, java.version: &apos;1.8.0_171&apos;
Driver info: org.openqa.selenium.chrome.ChromeDriver
Capabilities {acceptInsecureCerts: false, browserName: chrome, browserVersion: 83.0.4103.116, chrome: {chromedriverVersion: 83.0.4103.39 (ccbf011cb2d2b..., userDataDir: C:\Users\hp\AppData\Local\T...}, goog:chromeOptions: {debuggerAddress: localhost:60847}, javascriptEnabled: true, networkConnectionEnabled: false, pageLoadStrategy: normal, platform: WINDOWS, platformName: WINDOWS, proxy: Proxy(), setWindowRect: true, strictFileInteractability: false, timeouts: {implicit: 0, pageLoad: 300000, script: 30000}, unhandledPromptBehavior: dismiss and notify, webauthn:virtualAuthenticators: true}
Session ID: 7db458f322cfc46e79a9db0161225d2e
	at sun.reflect.NativeConstructorAccessorImpl.newInstance0(Native Method)
	at sun.reflect.NativeConstructorAccessorImpl.newInstance(NativeConstructorAccessorImpl.java:62)
	at sun.reflect.DelegatingConstructorAccessorImpl.newInstance(DelegatingConstructorAccessorImpl.java:45)
	at java.lang.reflect.Constructor.newInstance(Constructor.java:423)
	at org.openqa.selenium.remote.http.W3CHttpResponseCodec.createException(W3CHttpResponseCodec.java:187)
	at org.openqa.selenium.remote.http.W3CHttpResponseCodec.decode(W3CHttpResponseCodec.java:122)
	at org.openqa.selenium.remote.http.W3CHttpResponseCodec.decode(W3CHttpResponseCodec.java:49)
	at org.openqa.selenium.remote.HttpCommandExecutor.execute(HttpCommandExecutor.java:158)
	at org.openqa.selenium.remote.service.DriverCommandExecutor.execute(DriverCommandExecutor.java:83)
	at org.openqa.selenium.remote.RemoteWebDriver.execute(RemoteWebDriver.java:552)
	at org.openqa.selenium.remote.RemoteWebElement.execute(RemoteWebElement.java:285)
	at org.openqa.selenium.remote.RemoteWebElement.click(RemoteWebElement.java:84)
	at testCases.Shein.mouseover_on_Clothing_and_click_Jeans(Shein.java:22)
	at ?.Mouseover on Clothing and click Jeans(file:src/main/java/feature/Shien.feature:6)
</pre></div></td>
<td>14</td>
<td>testCases.Shein@76f2b07d</td></tr>
</table><p>
</body>
</html>